CRITICAL - 2022-01-28 05:07:18 --> Class 'App\Models\Employees' not found
#0 /var/www/html/codeigniter/system/CodeIgniter.php(825): App\Controllers\EmployeesController->index()
#1 /var/www/html/codeigniter/system/CodeIgniter.php(412): CodeIgniter\CodeIgniter->runController()
#2 /var/www/html/codeigniter/system/CodeIgniter.php(320): CodeIgniter\CodeIgniter->handleRequest()
#3 /var/www/html/codeigniter/public/index.php(37): CodeIgniter\CodeIgniter->run()
#4 /var/www/html/codeigniter/system/Commands/Server/rewrite.php(43): require_once('/var/www/html/c...')
#5 {main}
CRITICAL - 2022-01-28 05:12:58 --> Class 'App\Models\EmployeeModel' not found
#0 /var/www/html/codeigniter/system/CodeIgniter.php(825): App\Controllers\Employee->index()
#1 /var/www/html/codeigniter/system/CodeIgniter.php(412): CodeIgniter\CodeIgniter->runController()
#2 /var/www/html/codeigniter/system/CodeIgniter.php(320): CodeIgniter\CodeIgniter->handleRequest()
#3 /var/www/html/codeigniter/public/index.php(37): CodeIgniter\CodeIgniter->run()
#4 /var/www/html/codeigniter/system/Commands/Server/rewrite.php(43): require_once('/var/www/html/c...')
#5 {main}
CRITICAL - 2022-01-28 05:13:17 --> Class 'App\Controllers\EmployeeModel' not found
#0 /var/www/html/codeigniter/system/CodeIgniter.php(825): App\Controllers\Employee->index()
#1 /var/www/html/codeigniter/system/CodeIgniter.php(412): CodeIgniter\CodeIgniter->runController()
#2 /var/www/html/codeigniter/system/CodeIgniter.php(320): CodeIgniter\CodeIgniter->handleRequest()
#3 /var/www/html/codeigniter/public/index.php(37): CodeIgniter\CodeIgniter->run()
#4 /var/www/html/codeigniter/system/Commands/Server/rewrite.php(43): require_once('/var/www/html/c...')
#5 {main}
CRITICAL - 2022-01-28 05:14:04 --> Class 'App\Controllers\EmployeeModel' not found
#0 /var/www/html/codeigniter/system/CodeIgniter.php(825): App\Controllers\Employee->store_employee()
#1 /var/www/html/codeigniter/system/CodeIgniter.php(412): CodeIgniter\CodeIgniter->runController()
#2 /var/www/html/codeigniter/system/CodeIgniter.php(320): CodeIgniter\CodeIgniter->handleRequest()
#3 /var/www/html/codeigniter/public/index.php(37): CodeIgniter\CodeIgniter->run()
#4 /var/www/html/codeigniter/system/Commands/Server/rewrite.php(43): require_once('/var/www/html/c...')
#5 {main}
CRITICAL - 2022-01-28 05:15:10 --> Undefined index: department
#0 /var/www/html/codeigniter/app/Views/employee.php(243): CodeIgniter\Debug\Exceptions->errorHandler()
#1 /var/www/html/codeigniter/system/View/View.php(210): include('/var/www/html/c...')
#2 /var/www/html/codeigniter/system/View/View.php(213): CodeIgniter\View\View->CodeIgniter\View\{closure}()
#3 /var/www/html/codeigniter/system/Common.php(1089): CodeIgniter\View\View->render()
#4 /var/www/html/codeigniter/app/Controllers/Employee.php(15): view()
#5 /var/www/html/codeigniter/system/CodeIgniter.php(825): App\Controllers\Employee->index()
#6 /var/www/html/codeigniter/system/CodeIgniter.php(412): CodeIgniter\CodeIgniter->runController()
#7 /var/www/html/codeigniter/system/CodeIgniter.php(320): CodeIgniter\CodeIgniter->handleRequest()
#8 /var/www/html/codeigniter/public/index.php(37): CodeIgniter\CodeIgniter->run()
#9 /var/www/html/codeigniter/system/Commands/Server/rewrite.php(43): require_once('/var/www/html/c...')
#10 {main}
CRITICAL - 2022-01-28 05:24:05 --> Class 'App\Controllers\Users' not found
#0 /var/www/html/codeigniter/system/CodeIgniter.php(825): App\Controllers\EmployeesController->importFile()
#1 /var/www/html/codeigniter/system/CodeIgniter.php(412): CodeIgniter\CodeIgniter->runController()
#2 /var/www/html/codeigniter/system/CodeIgniter.php(320): CodeIgniter\CodeIgniter->handleRequest()
#3 /var/www/html/codeigniter/public/index.php(37): CodeIgniter\CodeIgniter->run()
#4 /var/www/html/codeigniter/system/Commands/Server/rewrite.php(43): require_once('/var/www/html/c...')
#5 {main}
